;  LST file generated by mikroListExporter - v.2.0 
; Date/Time: 5/12/2023 7:47:37 PM
;----------------------------------------------

;Address Opcode 	ASM
0x0000	0x2803      	GOTO       3
_main:
;Capture.c,2 :: 		void main()
;Capture.c,4 :: 		ADCON1 = 0x0A;
0x0003	0x300A      	MOVLW      10
0x0004	0x1683      	BSF        STATUS, 5
0x0005	0x1303      	BCF        STATUS, 6
0x0006	0x009F      	MOVWF      ADCON1
;Capture.c,5 :: 		TRISB=0;
0x0007	0x0186      	CLRF       TRISB
;Capture.c,6 :: 		TRISD = 0;
0x0008	0x0188      	CLRF       TRISD
;Capture.c,7 :: 		TRISA.TRISA0=0;
0x0009	0x1005      	BCF        TRISA, 0
;Capture.c,9 :: 		CCP1CON = 0b00000101;
0x000A	0x3005      	MOVLW      5
0x000B	0x1283      	BCF        STATUS, 5
0x000C	0x0097      	MOVWF      CCP1CON
;Capture.c,10 :: 		CCPR1L=0;
0x000D	0x0195      	CLRF       CCPR1L
;Capture.c,11 :: 		CCPR1H=0;
0x000E	0x0196      	CLRF       CCPR1H
;Capture.c,12 :: 		T1CON = 0x80;
0x000F	0x3080      	MOVLW      128
0x0010	0x0090      	MOVWF      T1CON
;Capture.c,13 :: 		TMR1H = 0;
0x0011	0x018F      	CLRF       TMR1H
;Capture.c,14 :: 		TMR1L = 0;
0x0012	0x018E      	CLRF       TMR1L
;Capture.c,15 :: 		T1CON.TMR1ON=1;
0x0013	0x1410      	BSF        T1CON, 0
;Capture.c,16 :: 		while(1)
L_main0:
;Capture.c,18 :: 		while(PIR1.CCP1IF == 0);
L_main2:
0x0014	0x190C      	BTFSC      PIR1, 2
0x0015	0x2817      	GOTO       L_main3
0x0016	0x2814      	GOTO       L_main2
L_main3:
;Capture.c,19 :: 		PORTA.RA0 =~ PORTA.RA0;
0x0017	0x3001      	MOVLW      1
0x0018	0x0685      	XORWF      PORTA, 1
;Capture.c,20 :: 		PORTB = CCPR1H;
0x0019	0x0816      	MOVF       CCPR1H, 0
0x001A	0x0086      	MOVWF      PORTB
;Capture.c,21 :: 		PORTD=CCPR1L;
0x001B	0x0815      	MOVF       CCPR1L, 0
0x001C	0x0088      	MOVWF      PORTD
;Capture.c,22 :: 		PIR1.CCP1IF = 0;
0x001D	0x110C      	BCF        PIR1, 2
;Capture.c,23 :: 		}
0x001E	0x2814      	GOTO       L_main0
;Capture.c,25 :: 		}
L_end_main:
0x001F	0x281F      	GOTO       $+0
; end of _main
Symbol List:
//** Routines locations **
//ADDRESS    SIZE    PROCEDURE
//----------------------------------------------
0x0003      [29]    _main
//** Variables locations ** 
//ADDRESS    SIZE    VARIABLE
//----------------------------------------------
0x0000       [1]    INDF
0x0003       [1]    STATUS
0x0004       [1]    FSR
0x0005       [1]    PORTA
0x0006       [1]    PORTB
0x0008       [1]    PORTD
0x000A       [1]    PCLATH
0x000C       [1]    PIR1
0x000E       [1]    TMR1L
0x000F       [1]    TMR1H
0x0010       [1]    T1CON
0x0015       [1]    CCPR1L
0x0016       [1]    CCPR1H
0x0017       [1]    CCP1CON
0x0020       [2]    ___DoICPAddr
0x0070       [1]    R0
0x0071       [1]    R1
0x0072       [1]    R2
0x0073       [1]    R3
0x0074       [1]    R4
0x0075       [1]    R5
0x0076       [1]    R6
0x0077       [1]    R7
0x0078       [1]    R8
0x0079       [1]    R9
0x007A       [1]    R10
0x007B       [1]    R11
0x007C       [1]    R12
0x007D       [1]    R13
0x007E       [1]    R14
0x007F       [1]    R15
0x0085       [1]    TRISA
0x0086       [1]    TRISB
0x0088       [1]    TRISD
0x009F       [1]    ADCON1
