;  LST file generated by mikroListExporter - v.2.0 
; Date/Time: 6/2/2023 1:22:59 AM
;----------------------------------------------

;Address Opcode 	ASM
0x0000	0x2803      	GOTO       3
_main:
;Compare.c,2 :: 		void main (void)
;Compare.c,4 :: 		INTCON=0xC0;
0x0003	0x30C0      	MOVLW      192
0x0004	0x008B      	MOVWF      INTCON
;Compare.c,5 :: 		PIE1=0x05;
0x0005	0x3005      	MOVLW      5
0x0006	0x1683      	BSF        STATUS, 5
0x0007	0x1303      	BCF        STATUS, 6
0x0008	0x008C      	MOVWF      PIE1
;Compare.c,6 :: 		TRISD=0;
0x0009	0x0188      	CLRF       TRISD
;Compare.c,7 :: 		PORTD.B1=0;
0x000A	0x1283      	BCF        STATUS, 5
0x000B	0x1088      	BCF        PORTD, 1
;Compare.c,8 :: 		CCP1CON = 0x08;
0x000C	0x3008      	MOVLW      8
0x000D	0x0097      	MOVWF      CCP1CON
;Compare.c,9 :: 		T1CON = 0x02;
0x000E	0x3002      	MOVLW      2
0x000F	0x0090      	MOVWF      T1CON
;Compare.c,10 :: 		TRISC.TRISC2 = 0;
0x0010	0x1683      	BSF        STATUS, 5
0x0011	0x1107      	BCF        TRISC, 2
;Compare.c,11 :: 		TRISC.TRISC0 = 1;
0x0012	0x1407      	BSF        TRISC, 0
;Compare.c,12 :: 		Portc.b2=0;
0x0013	0x1283      	BCF        STATUS, 5
0x0014	0x1107      	BCF        PORTC, 2
;Compare.c,13 :: 		CCPR1L=3;
0x0015	0x3003      	MOVLW      3
0x0016	0x0095      	MOVWF      CCPR1L
;Compare.c,14 :: 		CCPR1H=0;
0x0017	0x0196      	CLRF       CCPR1H
;Compare.c,15 :: 		while(1)
L_main0:
;Compare.c,16 :: 		{   CCP1CON=0x00;
0x0018	0x0197      	CLRF       CCP1CON
;Compare.c,17 :: 		CCP1CON=0x08;
0x0019	0x3008      	MOVLW      8
0x001A	0x0097      	MOVWF      CCP1CON
;Compare.c,20 :: 		TMR1H=0;
0x001B	0x018F      	CLRF       TMR1H
;Compare.c,21 :: 		TMR1L=0;
0x001C	0x018E      	CLRF       TMR1L
;Compare.c,22 :: 		T1CON.TMR1ON=1;
0x001D	0x1410      	BSF        T1CON, 0
;Compare.c,23 :: 		while (PIR1.CCP1IF==0);
L_main2:
0x001E	0x190C      	BTFSC      PIR1, 2
0x001F	0x2821      	GOTO       L_main3
0x0020	0x281E      	GOTO       L_main2
L_main3:
;Compare.c,24 :: 		T1CON.TMR1ON=0;
0x0021	0x1010      	BCF        T1CON, 0
;Compare.c,27 :: 		Portc.b2=0;
0x0022	0x1107      	BCF        PORTC, 2
;Compare.c,28 :: 		delay_ms(500);
0x0023	0x3006      	MOVLW      6
0x0024	0x00FB      	MOVWF      R11
0x0025	0x3013      	MOVLW      19
0x0026	0x00FC      	MOVWF      R12
0x0027	0x30AD      	MOVLW      173
0x0028	0x00FD      	MOVWF      R13
L_main4:
0x0029	0x0BFD      	DECFSZ     R13, 1
0x002A	0x2829      	GOTO       L_main4
0x002B	0x0BFC      	DECFSZ     R12, 1
0x002C	0x2829      	GOTO       L_main4
0x002D	0x0BFB      	DECFSZ     R11, 1
0x002E	0x2829      	GOTO       L_main4
0x002F	0x0000      	NOP
0x0030	0x0000      	NOP
;Compare.c,30 :: 		PIR1.CCP1IF = 0;
0x0031	0x110C      	BCF        PIR1, 2
;Compare.c,31 :: 		CCPR1L=5;
0x0032	0x3005      	MOVLW      5
0x0033	0x0095      	MOVWF      CCPR1L
;Compare.c,32 :: 		CCPR1H=0;
0x0034	0x0196      	CLRF       CCPR1H
;Compare.c,33 :: 		}
0x0035	0x2818      	GOTO       L_main0
;Compare.c,34 :: 		}
L_end_main:
0x0036	0x2836      	GOTO       $+0
; end of _main
Symbol List:
//** Routines locations **
//ADDRESS    SIZE    PROCEDURE
//----------------------------------------------
0x0003      [52]    _main
//** Variables locations ** 
//ADDRESS    SIZE    VARIABLE
//----------------------------------------------
0x0000       [1]    INDF
0x0003       [1]    STATUS
0x0004       [1]    FSR
0x0007       [1]    PORTC
0x0008       [1]    PORTD
0x000A       [1]    PCLATH
0x000B       [1]    INTCON
0x000C       [1]    PIR1
0x000E       [1]    TMR1L
0x000F       [1]    TMR1H
0x0010       [1]    T1CON
0x0015       [1]    CCPR1L
0x0016       [1]    CCPR1H
0x0017       [1]    CCP1CON
0x0020       [2]    ___DoICPAddr
0x0070       [1]    R0
0x0071       [1]    R1
0x0072       [1]    R2
0x0073       [1]    R3
0x0074       [1]    R4
0x0075       [1]    R5
0x0076       [1]    R6
0x0077       [1]    R7
0x0078       [1]    R8
0x0079       [1]    R9
0x007A       [1]    R10
0x007B       [1]    R11
0x007C       [1]    R12
0x007D       [1]    R13
0x007E       [1]    R14
0x007F       [1]    R15
0x0087       [1]    TRISC
0x0088       [1]    TRISD
0x008C       [1]    PIE1
