;  LST file generated by mikroListExporter - v.2.0 
; Date/Time: 5/12/2023 7:47:38 PM
;----------------------------------------------

;Address Opcode 	ASM
0x0000	0x2803      	GOTO       3
_main:
;PWM.c,1 :: 		void main()
;PWM.c,3 :: 		CCP1CON=0;
0x0003	0x1283      	BCF        STATUS, 5
0x0004	0x1303      	BCF        STATUS, 6
0x0005	0x0197      	CLRF       CCP1CON
;PWM.c,4 :: 		PR2=249;
0x0006	0x30F9      	MOVLW      249
0x0007	0x1683      	BSF        STATUS, 5
0x0008	0x0092      	MOVWF      PR2
;PWM.c,5 :: 		CCPR1L=186;  //75% duty cycle  i.e  75%*PR2=186.75
0x0009	0x30BA      	MOVLW      186
0x000A	0x1283      	BCF        STATUS, 5
0x000B	0x0095      	MOVWF      CCPR1L
;PWM.c,6 :: 		TRISC.TRISC2=0;
0x000C	0x1683      	BSF        STATUS, 5
0x000D	0x1107      	BCF        TRISC, 2
;PWM.c,7 :: 		PIE1=0x02;
0x000E	0x3002      	MOVLW      2
0x000F	0x008C      	MOVWF      PIE1
;PWM.c,8 :: 		T2CON=0x01;
0x0010	0x3001      	MOVLW      1
0x0011	0x1283      	BCF        STATUS, 5
0x0012	0x0092      	MOVWF      T2CON
;PWM.c,9 :: 		CCP1CON=0x3C;   //PWM mode , 11 for DC1B1:DC1B0  (0.75 fraction of  CCPR1L)
0x0013	0x303C      	MOVLW      60
0x0014	0x0097      	MOVWF      CCP1CON
;PWM.c,10 :: 		TMR2=0;
0x0015	0x0191      	CLRF       TMR2
;PWM.c,11 :: 		T2CON.TMR2ON=1;
0x0016	0x1512      	BSF        T2CON, 2
;PWM.c,12 :: 		while(1)
L_main0:
;PWM.c,14 :: 		PIR1.TMR2IF=0;
0x0017	0x108C      	BCF        PIR1, 1
;PWM.c,15 :: 		while(PIR1.TMR2IF==0);
L_main2:
0x0018	0x188C      	BTFSC      PIR1, 1
0x0019	0x281B      	GOTO       L_main3
0x001A	0x2818      	GOTO       L_main2
L_main3:
;PWM.c,16 :: 		}
0x001B	0x2817      	GOTO       L_main0
;PWM.c,17 :: 		}
L_end_main:
0x001C	0x281C      	GOTO       $+0
; end of _main
Symbol List:
//** Routines locations **
//ADDRESS    SIZE    PROCEDURE
//----------------------------------------------
0x0003      [26]    _main
//** Variables locations ** 
//ADDRESS    SIZE    VARIABLE
//----------------------------------------------
0x0000       [1]    INDF
0x0003       [1]    STATUS
0x0004       [1]    FSR
0x000A       [1]    PCLATH
0x000C       [1]    PIR1
0x0011       [1]    TMR2
0x0012       [1]    T2CON
0x0015       [1]    CCPR1L
0x0017       [1]    CCP1CON
0x0020       [2]    ___DoICPAddr
0x0070       [1]    R0
0x0071       [1]    R1
0x0072       [1]    R2
0x0073       [1]    R3
0x0074       [1]    R4
0x0075       [1]    R5
0x0076       [1]    R6
0x0077       [1]    R7
0x0078       [1]    R8
0x0079       [1]    R9
0x007A       [1]    R10
0x007B       [1]    R11
0x007C       [1]    R12
0x007D       [1]    R13
0x007E       [1]    R14
0x007F       [1]    R15
0x0087       [1]    TRISC
0x008C       [1]    PIE1
0x0092       [1]    PR2
